# JRE version: OpenJDK Runtime Environment Temurin-21.0.11+10 (21.0.11+10) (build 21.0.11+10-LTS)
# Java VM: OpenJDK 64-Bit Server VM Temurin-21.0.11+10 (21.0.11+10-LTS, mixed mode, sharing, tiered, compressed oops, compressed class ptrs, parallel gc, windows-amd64)
GC Precious Log:
 CardTable entry size: 512
 CPUs: 4 total, 4 available
 Memory: 8071M
 Large Page Support: Disabled
 NUMA Support: Disabled
 Compressed Oops: Enabled (32-bit)
 Alignments: Space 512K, Generation 512K, Heap 2M
 Heap Min Capacity: 100M
 Heap Initial Capacity: 100M
 Heap Max Capacity: 2G
 Pre-touch: Disabled
 Parallel Workers: 4
Heap:
 PSYoungGen      total 12288K, used 5390K [0x00000000d5580000, 0x00000000d6700000, 0x0000000100000000)
  eden space 11776K, 41% used [0x00000000d5580000,0x00000000d5a43fd8,0x00000000d6100000)
  from space 512K, 99% used [0x00000000d6680000,0x00000000d66ffbf0,0x00000000d6700000)
  to   space 1024K, 0% used [0x00000000d6500000,0x00000000d6500000,0x00000000d6600000)
 ParOldGen       total 77824K, used 77760K [0x0000000080000000, 0x0000000084c00000, 0x00000000d5580000)
  object space 77824K, 99% used [0x0000000080000000,0x0000000084bf0330,0x0000000084c00000)
 Metaspace       used 71400K, committed 72832K, reserved 1114112K
  class space    used 8851K, committed 9536K, reserved 1048576K
GC Heap History (20 events):
Event: 469.028 GC heap before
{Heap before GC invocations=56 (full 3):
 PSYoungGen      total 12288K, used 12276K [0x00000000d5580000, 0x00000000d7800000, 0x0000000100000000)
  eden space 11776K, 100% used [0x00000000d5580000,0x00000000d6100000,0x00000000d6100000)
  from space 512K, 97% used [0x00000000d6b00000,0x00000000d6b7d248,0x00000000d6b80000)
  to   space 10240K, 0% used [0x00000000d6100000,0x00000000d6100000,0x00000000d6b00000)
 ParOldGen       total 70656K, used 70486K [0x0000000080000000, 0x0000000084500000, 0x00000000d5580000)
  object space 70656K, 99% used [0x0000000080000000,0x00000000844d58b8,0x0000000084500000)
 Metaspace       used 65940K, committed 67264K, reserved 1114112K
  class space    used 7961K, committed 8576K, reserved 1048576K
}
Event: 469.035 GC heap after
{Heap after GC invocations=56 (full 3):
 PSYoungGen      total 12288K, used 352K [0x00000000d5580000, 0x00000000d6b80000, 0x0000000100000000)
  eden space 11776K, 0% used [0x00000000d5580000,0x00000000d5580000,0x00000000d6100000)
  from space 512K, 68% used [0x00000000d6100000,0x00000000d6158000,0x00000000d6180000)
  to   space 3584K, 0% used [0x00000000d6800000,0x00000000d6800000,0x00000000d6b80000)
 ParOldGen       total 71168K, used 71005K [0x0000000080000000, 0x0000000084580000, 0x00000000d5580000)
  object space 71168K, 99% used [0x0000000080000000,0x0000000084557570,0x0000000084580000)
 Metaspace       used 65940K, committed 67264K, reserved 1114112K
  class space    used 7961K, committed 8576K, reserved 1048576K
}
Event: 469.301 GC heap before
{Heap before GC invocations=57 (full 3):
 PSYoungGen      total 12288K, used 12125K [0x00000000d5580000, 0x00000000d6b80000, 0x0000000100000000)
  eden space 11776K, 99% used [0x00000000d5580000,0x00000000d60ff5c0,0x00000000d6100000)
  from space 512K, 68% used [0x00000000d6100000,0x00000000d6158000,0x00000000d6180000)
  to   space 3584K, 0% used [0x00000000d6800000,0x00000000d6800000,0x00000000d6b80000)
 ParOldGen       total 71168K, used 71005K [0x0000000080000000, 0x0000000084580000, 0x00000000d5580000)
  object space 71168K, 99% used [0x0000000080000000,0x0000000084557570,0x0000000084580000)
 Metaspace       used 66737K, committed 68096K, reserved 1114112K
  class space    used 8092K, committed 8704K, reserved 1048576K
}
Event: 469.303 GC heap after
{Heap after GC invocations=57 (full 3):
 PSYoungGen      total 12288K, used 448K [0x00000000d5580000, 0x00000000d6880000, 0x0000000100000000)
  eden space 11776K, 0% used [0x00000000d5580000,0x00000000d5580000,0x00000000d6100000)
  from space 512K, 87% used [0x00000000d6800000,0x00000000d6870000,0x00000000d6880000)
  to   space 1024K, 0% used [0x00000000d6680000,0x00000000d6680000,0x00000000d6780000)
 ParOldGen       total 71680K, used 71293K [0x0000000080000000, 0x0000000084600000, 0x00000000d5580000)
  object space 71680K, 99% used [0x0000000080000000,0x000000008459f580,0x0000000084600000)
 Metaspace       used 66737K, committed 68096K, reserved 1114112K
  class space    used 8092K, committed 8704K, reserved 1048576K
}
Event: 469.890 GC heap before
{Heap before GC invocations=58 (full 3):
 PSYoungGen      total 12288K, used 12224K [0x00000000d5580000, 0x00000000d6880000, 0x0000000100000000)
  eden space 11776K, 100% used [0x00000000d5580000,0x00000000d6100000,0x00000000d6100000)
  from space 512K, 87% used [0x00000000d6800000,0x00000000d6870000,0x00000000d6880000)
  to   space 1024K, 0% used [0x00000000d6680000,0x00000000d6680000,0x00000000d6780000)
 ParOldGen       total 71680K, used 71293K [0x0000000080000000, 0x0000000084600000, 0x00000000d5580000)
  object space 71680K, 99% used [0x0000000080000000,0x000000008459f580,0x0000000084600000)
 Metaspace       used 66764K, committed 68160K, reserved 1114112K
  class space    used 8093K, committed 8704K, reserved 1048576K
}
Event: 469.892 GC heap after
{Heap after GC invocations=58 (full 3):
 PSYoungGen      total 12800K, used 320K [0x00000000d5580000, 0x00000000d6880000, 0x0000000100000000)
  eden space 11776K, 0% used [0x00000000d5580000,0x00000000d5580000,0x00000000d6100000)
  from space 1024K, 31% used [0x00000000d6680000,0x00000000d66d0000,0x00000000d6780000)
  to   space 512K, 0% used [0x00000000d6800000,0x00000000d6800000,0x00000000d6880000)
 ParOldGen       total 72192K, used 71719K [0x0000000080000000, 0x0000000084680000, 0x00000000d5580000)
  object space 72192K, 99% used [0x0000000080000000,0x0000000084609f40,0x0000000084680000)
 Metaspace       used 66764K, committed 68160K, reserved 1114112K
  class space    used 8093K, committed 8704K, reserved 1048576K
}
Event: 473.668 GC heap before
{Heap before GC invocations=59 (full 3):
 PSYoungGen      total 12800K, used 12096K [0x00000000d5580000, 0x00000000d6880000, 0x0000000100000000)
  eden space 11776K, 100% used [0x00000000d5580000,0x00000000d6100000,0x00000000d6100000)
  from space 1024K, 31% used [0x00000000d6680000,0x00000000d66d0000,0x00000000d6780000)
  to   space 512K, 0% used [0x00000000d6800000,0x00000000d6800000,0x00000000d6880000)
 ParOldGen       total 72192K, used 71719K [0x0000000080000000, 0x0000000084680000, 0x00000000d5580000)
  object space 72192K, 99% used [0x0000000080000000,0x0000000084609f40,0x0000000084680000)
 Metaspace       used 66766K, committed 68160K, reserved 1114112K
  class space    used 8093K, committed 8704K, reserved 1048576K
}
Event: 473.669 GC heap after
{Heap after GC invocations=59 (full 3):
 PSYoungGen      total 12288K, used 416K [0x00000000d5580000, 0x00000000d6880000, 0x0000000100000000)
  eden space 11776K, 0% used [0x00000000d5580000,0x00000000d5580000,0x00000000d6100000)
  from space 512K, 81% used [0x00000000d6800000,0x00000000d6868000,0x00000000d6880000)
  to   space 512K, 0% used [0x00000000d6780000,0x00000000d6780000,0x00000000d6800000)
 ParOldGen       total 72192K, used 71951K [0x0000000080000000, 0x0000000084680000, 0x00000000d5580000)
  object space 72192K, 99% used [0x0000000080000000,0x0000000084643f40,0x0000000084680000)
 Metaspace       used 66766K, committed 68160K, reserved 1114112K
  class space    used 8093K, committed 8704K, reserved 1048576K
}
Event: 478.554 GC heap before
{Heap before GC invocations=60 (full 3):
 PSYoungGen      total 12288K, used 12192K [0x00000000d5580000, 0x00000000d6880000, 0x0000000100000000)
  eden space 11776K, 100% used [0x00000000d5580000,0x00000000d6100000,0x00000000d6100000)
  from space 512K, 81% used [0x00000000d6800000,0x00000000d6868000,0x00000000d6880000)
  to   space 512K, 0% used [0x00000000d6780000,0x00000000d6780000,0x00000000d6800000)
 ParOldGen       total 72192K, used 71951K [0x0000000080000000, 0x0000000084680000, 0x00000000d5580000)
  object space 72192K, 99% used [0x0000000080000000,0x0000000084643f40,0x0000000084680000)
 Metaspace       used 66775K, committed 68160K, reserved 1114112K
  class space    used 8093K, committed 8704K, reserved 1048576K
}
Event: 478.556 GC heap after
{Heap after GC invocations=60 (full 3):
 PSYoungGen      total 12288K, used 384K [0x00000000d5580000, 0x00000000d6880000, 0x0000000100000000)
  eden space 11776K, 0% used [0x00000000d5580000,0x00000000d5580000,0x00000000d6100000)
  from space 512K, 75% used [0x00000000d6780000,0x00000000d67e0000,0x00000000d6800000)
  to   space 512K, 0% used [0x00000000d6800000,0x00000000d6800000,0x00000000d6880000)
 ParOldGen       total 72704K, used 72263K [0x0000000080000000, 0x0000000084700000, 0x00000000d5580000)
  object space 72704K, 99% used [0x0000000080000000,0x0000000084691f40,0x0000000084700000)
 Metaspace       used 66775K, committed 68160K, reserved 1114112K
  class space    used 8093K, committed 8704K, reserved 1048576K
}
Event: 485.491 GC heap before
{Heap before GC invocations=61 (full 3):
 PSYoungGen      total 12288K, used 12148K [0x00000000d5580000, 0x00000000d6880000, 0x0000000100000000)
  eden space 11776K, 99% used [0x00000000d5580000,0x00000000d60fd038,0x00000000d6100000)
  from space 512K, 75% used [0x00000000d6780000,0x00000000d67e0000,0x00000000d6800000)
  to   space 512K, 0% used [0x00000000d6800000,0x00000000d6800000,0x00000000d6880000)
 ParOldGen       total 72704K, used 72263K [0x0000000080000000, 0x0000000084700000, 0x00000000d5580000)
  object space 72704K, 99% used [0x0000000080000000,0x0000000084691f40,0x0000000084700000)
 Metaspace       used 66781K, committed 68160K, reserved 1114112K
  class space    used 8093K, committed 8704K, reserved 1048576K
}
Event: 485.494 GC heap after
{Heap after GC invocations=61 (full 3):
 PSYoungGen      total 12288K, used 487K [0x00000000d5580000, 0x00000000d6b00000, 0x0000000100000000)
  eden space 11776K, 0% used [0x00000000d5580000,0x00000000d5580000,0x00000000d6100000)
  from space 512K, 95% used [0x00000000d6800000,0x00000000d6879c68,0x00000000d6880000)
  to   space 5120K, 0% used [0x00000000d6100000,0x00000000d6100000,0x00000000d6600000)
 ParOldGen       total 76288K, used 75918K [0x0000000080000000, 0x0000000084a80000, 0x00000000d5580000)
  object space 76288K, 99% used [0x0000000080000000,0x0000000084a23810,0x0000000084a80000)
 Metaspace       used 66781K, committed 68160K, reserved 1114112K
  class space    used 8093K, committed 8704K, reserved 1048576K
}
Event: 485.674 GC heap before
{Heap before GC invocations=62 (full 3):
 PSYoungGen      total 12288K, used 12263K [0x00000000d5580000, 0x00000000d6b00000, 0x0000000100000000)
  eden space 11776K, 100% used [0x00000000d5580000,0x00000000d6100000,0x00000000d6100000)
  from space 512K, 95% used [0x00000000d6800000,0x00000000d6879c68,0x00000000d6880000)
  to   space 5120K, 0% used [0x00000000d6100000,0x00000000d6100000,0x00000000d6600000)
 ParOldGen       total 76288K, used 75918K [0x0000000080000000, 0x0000000084a80000, 0x00000000d5580000)
  object space 76288K, 99% used [0x0000000080000000,0x0000000084a23810,0x0000000084a80000)
 Metaspace       used 67075K, committed 68480K, reserved 1114112K
  class space    used 8167K, committed 8832K, reserved 1048576K
}
Event: 485.676 GC heap after
{Heap after GC invocations=62 (full 3):
 PSYoungGen      total 16896K, used 627K [0x00000000d5580000, 0x00000000d6880000, 0x0000000100000000)
  eden space 11776K, 0% used [0x00000000d5580000,0x00000000d5580000,0x00000000d6100000)
  from space 5120K, 12% used [0x00000000d6100000,0x00000000d619cf78,0x00000000d6600000)
  to   space 2048K, 0% used [0x00000000d6680000,0x00000000d6680000,0x00000000d6880000)
 ParOldGen       total 76800K, used 76416K [0x0000000080000000, 0x0000000084b00000, 0x00000000d5580000)
  object space 76800K, 99% used [0x0000000080000000,0x0000000084aa0190,0x0000000084b00000)
 Metaspace       used 67075K, committed 68480K, reserved 1114112K
  class space    used 8167K, committed 8832K, reserved 1048576K
}
Event: 485.944 GC heap before
{Heap before GC invocations=63 (full 3):
 PSYoungGen      total 16896K, used 12403K [0x00000000d5580000, 0x00000000d6880000, 0x0000000100000000)
  eden space 11776K, 100% used [0x00000000d5580000,0x00000000d6100000,0x00000000d6100000)
  from space 5120K, 12% used [0x00000000d6100000,0x00000000d619cf78,0x00000000d6600000)
  to   space 2048K, 0% used [0x00000000d6680000,0x00000000d6680000,0x00000000d6880000)
 ParOldGen       total 76800K, used 76416K [0x0000000080000000, 0x0000000084b00000, 0x00000000d5580000)
  object space 76800K, 99% used [0x0000000080000000,0x0000000084aa0190,0x0000000084b00000)
 Metaspace       used 68197K, committed 69632K, reserved 1114112K
  class space    used 8362K, committed 9024K, reserved 1048576K
}
Event: 485.946 GC heap after
{Heap after GC invocations=63 (full 3):
 PSYoungGen      total 12800K, used 512K [0x00000000d5580000, 0x00000000d6780000, 0x0000000100000000)
  eden space 11776K, 0% used [0x00000000d5580000,0x00000000d5580000,0x00000000d6100000)
  from space 1024K, 50% used [0x00000000d6680000,0x00000000d6700020,0x00000000d6780000)
  to   space 1024K, 0% used [0x00000000d6580000,0x00000000d6580000,0x00000000d6680000)
 ParOldGen       total 77312K, used 76992K [0x0000000080000000, 0x0000000084b80000, 0x00000000d5580000)
  object space 77312K, 99% used [0x0000000080000000,0x0000000084b30310,0x0000000084b80000)
 Metaspace       used 68197K, committed 69632K, reserved 1114112K
  class space    used 8362K, committed 9024K, reserved 1048576K
}
Event: 486.221 GC heap before
{Heap before GC invocations=64 (full 3):
 PSYoungGen      total 12800K, used 12288K [0x00000000d5580000, 0x00000000d6780000, 0x0000000100000000)
  eden space 11776K, 100% used [0x00000000d5580000,0x00000000d6100000,0x00000000d6100000)
  from space 1024K, 50% used [0x00000000d6680000,0x00000000d6700020,0x00000000d6780000)
  to   space 1024K, 0% used [0x00000000d6580000,0x00000000d6580000,0x00000000d6680000)
 ParOldGen       total 77312K, used 76992K [0x0000000080000000, 0x0000000084b80000, 0x00000000d5580000)
  object space 77312K, 99% used [0x0000000080000000,0x0000000084b30310,0x0000000084b80000)
 Metaspace       used 69520K, committed 70912K, reserved 1114112K
  class space    used 8575K, committed 9216K, reserved 1048576K
}
Event: 486.225 GC heap after
{Heap after GC invocations=64 (full 3):
 PSYoungGen      total 12800K, used 384K [0x00000000d5580000, 0x00000000d6700000, 0x0000000100000000)
  eden space 11776K, 0% used [0x00000000d5580000,0x00000000d5580000,0x00000000d6100000)
  from space 1024K, 37% used [0x00000000d6580000,0x00000000d65e0000,0x00000000d6680000)
  to   space 512K, 0% used [0x00000000d6680000,0x00000000d6680000,0x00000000d6700000)
 ParOldGen       total 77824K, used 77456K [0x0000000080000000, 0x0000000084c00000, 0x00000000d5580000)
  object space 77824K, 99% used [0x0000000080000000,0x0000000084ba4330,0x0000000084c00000)
 Metaspace       used 69520K, committed 70912K, reserved 1114112K
  class space    used 8575K, committed 9216K, reserved 1048576K
}
Event: 486.532 GC heap before
{Heap before GC invocations=65 (full 3):
 PSYoungGen      total 12800K, used 12160K [0x00000000d5580000, 0x00000000d6700000, 0x0000000100000000)
  eden space 11776K, 100% used [0x00000000d5580000,0x00000000d6100000,0x00000000d6100000)
  from space 1024K, 37% used [0x00000000d6580000,0x00000000d65e0000,0x00000000d6680000)
  to   space 512K, 0% used [0x00000000d6680000,0x00000000d6680000,0x00000000d6700000)
 ParOldGen       total 77824K, used 77456K [0x0000000080000000, 0x0000000084c00000, 0x00000000d5580000)
  object space 77824K, 99% used [0x0000000080000000,0x0000000084ba4330,0x0000000084c00000)
 Metaspace       used 70648K, committed 72064K, reserved 1114112K
  class space    used 8775K, committed 9472K, reserved 1048576K
}
Event: 486.534 GC heap after
{Heap after GC invocations=65 (full 3):
 PSYoungGen      total 12288K, used 510K [0x00000000d5580000, 0x00000000d6700000, 0x0000000100000000)
  eden space 11776K, 0% used [0x00000000d5580000,0x00000000d5580000,0x00000000d6100000)
  from space 512K, 99% used [0x00000000d6680000,0x00000000d66ffbf0,0x00000000d6700000)
  to   space 1024K, 0% used [0x00000000d6500000,0x00000000d6500000,0x00000000d6600000)
 ParOldGen       total 77824K, used 77760K [0x0000000080000000, 0x0000000084c00000, 0x00000000d5580000)
  object space 77824K, 99% used [0x0000000080000000,0x0000000084bf0330,0x0000000084c00000)
 Metaspace       used 70648K, committed 72064K, reserved 1114112K
  class space    used 8775K, committed 9472K, reserved 1048576K
}

