# JRE version: OpenJDK Runtime Environment Temurin-21.0.11+10 (21.0.11+10) (build 21.0.11+10-LTS)
# Java VM: OpenJDK 64-Bit Server VM Temurin-21.0.11+10 (21.0.11+10-LTS, mixed mode, sharing, tiered, compressed oops, compressed class ptrs, parallel gc, windows-amd64)
GC Precious Log:
 CardTable entry size: 512
 CPUs: 4 total, 4 available
 Memory: 8071M
 Large Page Support: Disabled
 NUMA Support: Disabled
 Compressed Oops: Enabled (32-bit)
 Alignments: Space 512K, Generation 512K, Heap 2M
 Heap Min Capacity: 100M
 Heap Initial Capacity: 100M
 Heap Max Capacity: 2G
 Pre-touch: Disabled
 Parallel Workers: 4
Heap:
 PSYoungGen      total 23040K, used 994K [0x00000000d5580000, 0x00000000d6f00000, 0x0000000100000000)
  eden space 22016K, 0% used [0x00000000d5580000,0x00000000d5580000,0x00000000d6b00000)
  from space 1024K, 97% used [0x00000000d6d00000,0x00000000d6df8b78,0x00000000d6e00000)
  to   space 1024K, 0% used [0x00000000d6e00000,0x00000000d6e00000,0x00000000d6f00000)
 ParOldGen       total 68608K, used 24322K [0x0000000080000000, 0x0000000084300000, 0x00000000d5580000)
  object space 68608K, 35% used [0x0000000080000000,0x00000000817c0aa0,0x0000000084300000)
 Metaspace       used 41309K, committed 42432K, reserved 1114112K
  class space    used 4411K, committed 4928K, reserved 1048576K
GC Heap History (20 events):
Event: 31.563 GC heap before
{Heap before GC invocations=13 (full 1):
 PSYoungGen      total 24576K, used 22528K [0x00000000d5580000, 0x00000000d7180000, 0x0000000100000000)
  eden space 22528K, 100% used [0x00000000d5580000,0x00000000d6b80000,0x00000000d6b80000)
  from space 2048K, 0% used [0x00000000d6f00000,0x00000000d6f00000,0x00000000d7100000)
  to   space 512K, 0% used [0x00000000d7100000,0x00000000d7100000,0x00000000d7180000)
 ParOldGen       total 68608K, used 16141K [0x0000000080000000, 0x0000000084300000, 0x00000000d5580000)
  object space 68608K, 23% used [0x0000000080000000,0x0000000080fc3630,0x0000000084300000)
 Metaspace       used 22338K, committed 23232K, reserved 1114112K
  class space    used 2318K, committed 2688K, reserved 1048576K
}
Event: 31.566 GC heap after
{Heap after GC invocations=13 (full 1):
 PSYoungGen      total 22528K, used 499K [0x00000000d5580000, 0x00000000d7180000, 0x0000000100000000)
  eden space 22016K, 0% used [0x00000000d5580000,0x00000000d5580000,0x00000000d6b00000)
  from space 512K, 97% used [0x00000000d7100000,0x00000000d717cc10,0x00000000d7180000)
  to   space 3072K, 0% used [0x00000000d6b80000,0x00000000d6b80000,0x00000000d6e80000)
 ParOldGen       total 68608K, used 18126K [0x0000000080000000, 0x0000000084300000, 0x00000000d5580000)
  object space 68608K, 26% used [0x0000000080000000,0x00000000811b3908,0x0000000084300000)
 Metaspace       used 22338K, committed 23232K, reserved 1114112K
  class space    used 2318K, committed 2688K, reserved 1048576K
}
Event: 32.020 GC heap before
{Heap before GC invocations=14 (full 1):
 PSYoungGen      total 22528K, used 22515K [0x00000000d5580000, 0x00000000d7180000, 0x0000000100000000)
  eden space 22016K, 100% used [0x00000000d5580000,0x00000000d6b00000,0x00000000d6b00000)
  from space 512K, 97% used [0x00000000d7100000,0x00000000d717cc10,0x00000000d7180000)
  to   space 3072K, 0% used [0x00000000d6b80000,0x00000000d6b80000,0x00000000d6e80000)
 ParOldGen       total 68608K, used 18126K [0x0000000080000000, 0x0000000084300000, 0x00000000d5580000)
  object space 68608K, 26% used [0x0000000080000000,0x00000000811b3908,0x0000000084300000)
 Metaspace       used 25341K, committed 26112K, reserved 1114112K
  class space    used 2515K, committed 2880K, reserved 1048576K
}
Event: 32.022 GC heap after
{Heap after GC invocations=14 (full 1):
 PSYoungGen      total 25088K, used 854K [0x00000000d5580000, 0x00000000d7180000, 0x0000000100000000)
  eden space 22016K, 0% used [0x00000000d5580000,0x00000000d5580000,0x00000000d6b00000)
  from space 3072K, 27% used [0x00000000d6b80000,0x00000000d6c55958,0x00000000d6e80000)
  to   space 1536K, 0% used [0x00000000d7000000,0x00000000d7000000,0x00000000d7180000)
 ParOldGen       total 68608K, used 18617K [0x0000000080000000, 0x0000000084300000, 0x00000000d5580000)
  object space 68608K, 27% used [0x0000000080000000,0x000000008122e7e0,0x0000000084300000)
 Metaspace       used 25341K, committed 26112K, reserved 1114112K
  class space    used 2515K, committed 2880K, reserved 1048576K
}
Event: 32.226 GC heap before
{Heap before GC invocations=15 (full 1):
 PSYoungGen      total 25088K, used 22870K [0x00000000d5580000, 0x00000000d7180000, 0x0000000100000000)
  eden space 22016K, 100% used [0x00000000d5580000,0x00000000d6b00000,0x00000000d6b00000)
  from space 3072K, 27% used [0x00000000d6b80000,0x00000000d6c55958,0x00000000d6e80000)
  to   space 1536K, 0% used [0x00000000d7000000,0x00000000d7000000,0x00000000d7180000)
 ParOldGen       total 68608K, used 18617K [0x0000000080000000, 0x0000000084300000, 0x00000000d5580000)
  object space 68608K, 27% used [0x0000000080000000,0x000000008122e7e0,0x0000000084300000)
 Metaspace       used 27218K, committed 28096K, reserved 1114112K
  class space    used 2665K, committed 3072K, reserved 1048576K
}
Event: 32.230 GC heap after
{Heap after GC invocations=15 (full 1):
 PSYoungGen      total 23552K, used 1243K [0x00000000d5580000, 0x00000000d7180000, 0x0000000100000000)
  eden space 22016K, 0% used [0x00000000d5580000,0x00000000d5580000,0x00000000d6b00000)
  from space 1536K, 80% used [0x00000000d7000000,0x00000000d7136da0,0x00000000d7180000)
  to   space 1536K, 0% used [0x00000000d6e80000,0x00000000d6e80000,0x00000000d7000000)
 ParOldGen       total 68608K, used 20149K [0x0000000080000000, 0x0000000084300000, 0x00000000d5580000)
  object space 68608K, 29% used [0x0000000080000000,0x00000000813ad740,0x0000000084300000)
 Metaspace       used 27218K, committed 28096K, reserved 1114112K
  class space    used 2665K, committed 3072K, reserved 1048576K
}
Event: 32.432 GC heap before
{Heap before GC invocations=16 (full 1):
 PSYoungGen      total 23552K, used 23259K [0x00000000d5580000, 0x00000000d7180000, 0x0000000100000000)
  eden space 22016K, 100% used [0x00000000d5580000,0x00000000d6b00000,0x00000000d6b00000)
  from space 1536K, 80% used [0x00000000d7000000,0x00000000d7136da0,0x00000000d7180000)
  to   space 1536K, 0% used [0x00000000d6e80000,0x00000000d6e80000,0x00000000d7000000)
 ParOldGen       total 68608K, used 20149K [0x0000000080000000, 0x0000000084300000, 0x00000000d5580000)
  object space 68608K, 29% used [0x0000000080000000,0x00000000813ad740,0x0000000084300000)
 Metaspace       used 28425K, committed 29312K, reserved 1114112K
  class space    used 2808K, committed 3200K, reserved 1048576K
}
Event: 32.435 GC heap after
{Heap after GC invocations=16 (full 1):
 PSYoungGen      total 23040K, used 672K [0x00000000d5580000, 0x00000000d7080000, 0x0000000100000000)
  eden space 22016K, 0% used [0x00000000d5580000,0x00000000d5580000,0x00000000d6b00000)
  from space 1024K, 65% used [0x00000000d6e80000,0x00000000d6f28000,0x00000000d6f80000)
  to   space 1024K, 0% used [0x00000000d6f80000,0x00000000d6f80000,0x00000000d7080000)
 ParOldGen       total 68608K, used 21253K [0x0000000080000000, 0x0000000084300000, 0x00000000d5580000)
  object space 68608K, 30% used [0x0000000080000000,0x00000000814c1440,0x0000000084300000)
 Metaspace       used 28425K, committed 29312K, reserved 1114112K
  class space    used 2808K, committed 3200K, reserved 1048576K
}
Event: 33.071 GC heap before
{Heap before GC invocations=17 (full 1):
 PSYoungGen      total 23040K, used 22688K [0x00000000d5580000, 0x00000000d7080000, 0x0000000100000000)
  eden space 22016K, 100% used [0x00000000d5580000,0x00000000d6b00000,0x00000000d6b00000)
  from space 1024K, 65% used [0x00000000d6e80000,0x00000000d6f28000,0x00000000d6f80000)
  to   space 1024K, 0% used [0x00000000d6f80000,0x00000000d6f80000,0x00000000d7080000)
 ParOldGen       total 68608K, used 21253K [0x0000000080000000, 0x0000000084300000, 0x00000000d5580000)
  object space 68608K, 30% used [0x0000000080000000,0x00000000814c1440,0x0000000084300000)
 Metaspace       used 30808K, committed 31744K, reserved 1114112K
  class space    used 3085K, committed 3520K, reserved 1048576K
}
Event: 33.075 GC heap after
{Heap after GC invocations=17 (full 1):
 PSYoungGen      total 23040K, used 1013K [0x00000000d5580000, 0x00000000d7080000, 0x0000000100000000)
  eden space 22016K, 0% used [0x00000000d5580000,0x00000000d5580000,0x00000000d6b00000)
  from space 1024K, 99% used [0x00000000d6f80000,0x00000000d707d788,0x00000000d7080000)
  to   space 2048K, 0% used [0x00000000d6c80000,0x00000000d6c80000,0x00000000d6e80000)
 ParOldGen       total 68608K, used 22009K [0x0000000080000000, 0x0000000084300000, 0x00000000d5580000)
  object space 68608K, 32% used [0x0000000080000000,0x000000008157e790,0x0000000084300000)
 Metaspace       used 30808K, committed 31744K, reserved 1114112K
  class space    used 3085K, committed 3520K, reserved 1048576K
}
Event: 33.480 GC heap before
{Heap before GC invocations=18 (full 1):
 PSYoungGen      total 23040K, used 23029K [0x00000000d5580000, 0x00000000d7080000, 0x0000000100000000)
  eden space 22016K, 100% used [0x00000000d5580000,0x00000000d6b00000,0x00000000d6b00000)
  from space 1024K, 99% used [0x00000000d6f80000,0x00000000d707d788,0x00000000d7080000)
  to   space 2048K, 0% used [0x00000000d6c80000,0x00000000d6c80000,0x00000000d6e80000)
 ParOldGen       total 68608K, used 22009K [0x0000000080000000, 0x0000000084300000, 0x00000000d5580000)
  object space 68608K, 32% used [0x0000000080000000,0x000000008157e790,0x0000000084300000)
 Metaspace       used 33505K, committed 34496K, reserved 1114112K
  class space    used 3381K, committed 3840K, reserved 1048576K
}
Event: 33.486 GC heap after
{Heap after GC invocations=18 (full 1):
 PSYoungGen      total 24064K, used 1574K [0x00000000d5580000, 0x00000000d7000000, 0x0000000100000000)
  eden space 22016K, 0% used [0x00000000d5580000,0x00000000d5580000,0x00000000d6b00000)
  from space 2048K, 76% used [0x00000000d6c80000,0x00000000d6e09938,0x00000000d6e80000)
  to   space 1536K, 0% used [0x00000000d6e80000,0x00000000d6e80000,0x00000000d7000000)
 ParOldGen       total 68608K, used 22958K [0x0000000080000000, 0x0000000084300000, 0x00000000d5580000)
  object space 68608K, 33% used [0x0000000080000000,0x000000008166bbd8,0x0000000084300000)
 Metaspace       used 33505K, committed 34496K, reserved 1114112K
  class space    used 3381K, committed 3840K, reserved 1048576K
}
Event: 33.907 GC heap before
{Heap before GC invocations=19 (full 1):
 PSYoungGen      total 24064K, used 18588K [0x00000000d5580000, 0x00000000d7000000, 0x0000000100000000)
  eden space 22016K, 77% used [0x00000000d5580000,0x00000000d661d748,0x00000000d6b00000)
  from space 2048K, 76% used [0x00000000d6c80000,0x00000000d6e09938,0x00000000d6e80000)
  to   space 1536K, 0% used [0x00000000d6e80000,0x00000000d6e80000,0x00000000d7000000)
 ParOldGen       total 68608K, used 22958K [0x0000000080000000, 0x0000000084300000, 0x00000000d5580000)
  object space 68608K, 33% used [0x0000000080000000,0x000000008166bbd8,0x0000000084300000)
 Metaspace       used 34821K, committed 35840K, reserved 1114112K
  class space    used 3550K, committed 4032K, reserved 1048576K
}
Event: 33.913 GC heap after
{Heap after GC invocations=19 (full 1):
 PSYoungGen      total 23040K, used 910K [0x00000000d5580000, 0x00000000d6f80000, 0x0000000100000000)
  eden space 22016K, 0% used [0x00000000d5580000,0x00000000d5580000,0x00000000d6b00000)
  from space 1024K, 88% used [0x00000000d6e80000,0x00000000d6f63ae0,0x00000000d6f80000)
  to   space 1536K, 0% used [0x00000000d6c80000,0x00000000d6c80000,0x00000000d6e00000)
 ParOldGen       total 68608K, used 24271K [0x0000000080000000, 0x0000000084300000, 0x00000000d5580000)
  object space 68608K, 35% used [0x0000000080000000,0x00000000817b3d78,0x0000000084300000)
 Metaspace       used 34821K, committed 35840K, reserved 1114112K
  class space    used 3550K, committed 4032K, reserved 1048576K
}
Event: 33.913 GC heap before
{Heap before GC invocations=20 (full 2):
 PSYoungGen      total 23040K, used 910K [0x00000000d5580000, 0x00000000d6f80000, 0x0000000100000000)
  eden space 22016K, 0% used [0x00000000d5580000,0x00000000d5580000,0x00000000d6b00000)
  from space 1024K, 88% used [0x00000000d6e80000,0x00000000d6f63ae0,0x00000000d6f80000)
  to   space 1536K, 0% used [0x00000000d6c80000,0x00000000d6c80000,0x00000000d6e00000)
 ParOldGen       total 68608K, used 24271K [0x0000000080000000, 0x0000000084300000, 0x00000000d5580000)
  object space 68608K, 35% used [0x0000000080000000,0x00000000817b3d78,0x0000000084300000)
 Metaspace       used 34821K, committed 35840K, reserved 1114112K
  class space    used 3550K, committed 4032K, reserved 1048576K
}
Event: 33.978 GC heap after
{Heap after GC invocations=20 (full 2):
 PSYoungGen      total 23040K, used 0K [0x00000000d5580000, 0x00000000d6f80000, 0x0000000100000000)
  eden space 22016K, 0% used [0x00000000d5580000,0x00000000d5580000,0x00000000d6b00000)
  from space 1024K, 0% used [0x00000000d6e80000,0x00000000d6e80000,0x00000000d6f80000)
  to   space 1536K, 0% used [0x00000000d6c80000,0x00000000d6c80000,0x00000000d6e00000)
 ParOldGen       total 68608K, used 22352K [0x0000000080000000, 0x0000000084300000, 0x00000000d5580000)
  object space 68608K, 32% used [0x0000000080000000,0x00000000815d41e8,0x0000000084300000)
 Metaspace       used 34814K, committed 35840K, reserved 1114112K
  class space    used 3548K, committed 4032K, reserved 1048576K
}
Event: 34.242 GC heap before
{Heap before GC invocations=21 (full 2):
 PSYoungGen      total 23040K, used 22016K [0x00000000d5580000, 0x00000000d6f80000, 0x0000000100000000)
  eden space 22016K, 100% used [0x00000000d5580000,0x00000000d6b00000,0x00000000d6b00000)
  from space 1024K, 0% used [0x00000000d6e80000,0x00000000d6e80000,0x00000000d6f80000)
  to   space 1536K, 0% used [0x00000000d6c80000,0x00000000d6c80000,0x00000000d6e00000)
 ParOldGen       total 68608K, used 22352K [0x0000000080000000, 0x0000000084300000, 0x00000000d5580000)
  object space 68608K, 32% used [0x0000000080000000,0x00000000815d41e8,0x0000000084300000)
 Metaspace       used 36861K, committed 37952K, reserved 1114112K
  class space    used 3811K, committed 4288K, reserved 1048576K
}
Event: 34.243 GC heap after
{Heap after GC invocations=21 (full 2):
 PSYoungGen      total 23552K, used 630K [0x00000000d5580000, 0x00000000d6f00000, 0x0000000100000000)
  eden space 22016K, 0% used [0x00000000d5580000,0x00000000d5580000,0x00000000d6b00000)
  from space 1536K, 41% used [0x00000000d6c80000,0x00000000d6d1db08,0x00000000d6e00000)
  to   space 1024K, 0% used [0x00000000d6e00000,0x00000000d6e00000,0x00000000d6f00000)
 ParOldGen       total 68608K, used 22360K [0x0000000080000000, 0x0000000084300000, 0x00000000d5580000)
  object space 68608K, 32% used [0x0000000080000000,0x00000000815d61e8,0x0000000084300000)
 Metaspace       used 36861K, committed 37952K, reserved 1114112K
  class space    used 3811K, committed 4288K, reserved 1048576K
}
Event: 34.555 GC heap before
{Heap before GC invocations=22 (full 2):
 PSYoungGen      total 23552K, used 22645K [0x00000000d5580000, 0x00000000d6f00000, 0x0000000100000000)
  eden space 22016K, 99% used [0x00000000d5580000,0x00000000d6affaa0,0x00000000d6b00000)
  from space 1536K, 41% used [0x00000000d6c80000,0x00000000d6d1db08,0x00000000d6e00000)
  to   space 1024K, 0% used [0x00000000d6e00000,0x00000000d6e00000,0x00000000d6f00000)
 ParOldGen       total 68608K, used 22360K [0x0000000080000000, 0x0000000084300000, 0x00000000d5580000)
  object space 68608K, 32% used [0x0000000080000000,0x00000000815d61e8,0x0000000084300000)
 Metaspace       used 39240K, committed 40320K, reserved 1114112K
  class space    used 4130K, committed 4608K, reserved 1048576K
}
Event: 34.558 GC heap after
{Heap after GC invocations=22 (full 2):
 PSYoungGen      total 23040K, used 822K [0x00000000d5580000, 0x00000000d6f00000, 0x0000000100000000)
  eden space 22016K, 0% used [0x00000000d5580000,0x00000000d5580000,0x00000000d6b00000)
  from space 1024K, 80% used [0x00000000d6e00000,0x00000000d6ecd828,0x00000000d6f00000)
  to   space 1024K, 0% used [0x00000000d6d00000,0x00000000d6d00000,0x00000000d6e00000)
 ParOldGen       total 68608K, used 22887K [0x0000000080000000, 0x0000000084300000, 0x00000000d5580000)
  object space 68608K, 33% used [0x0000000080000000,0x0000000081659f80,0x0000000084300000)
 Metaspace       used 39240K, committed 40320K, reserved 1114112K
  class space    used 4130K, committed 4608K, reserved 1048576K
}

